<?xml version="1.0" encoding="UTF-8"?>
<testsuite xmlns:xsi="http://www.w3.org/2001/XMLSchema-instance" xsi:noNamespaceSchemaLocation="https://maven.apache.org/surefire/maven-surefire-plugin/xsd/surefire-test-report-3.0.xsd" version="3.0" name="com.SFAE.SFAE.ContractTests" time="8.281" tests="2" errors="1" skipped="0" failures="1">
  <properties>
[...]
</properties>
  <testcase name="testCreateContract" classname="com.SFAE.SFAE.ContractTests" time="0.96">
    <failure message="Status expected:&lt;201&gt; but was:&lt;200&gt;" type="java.lang.AssertionError"><![CDATA[java.lang.AssertionError: Status expected:<201> but was:<200>
	at org.springframework.test.util.AssertionErrors.fail(AssertionErrors.java:59)
	at org.springframework.test.util.AssertionErrors.assertEquals(AssertionErrors.java:122)
	at org.springframework.test.web.servlet.result.StatusResultMatchers.lambda$matcher$9(StatusResultMatchers.java:637)
	at org.springframework.test.web.servlet.MockMvc$1.andExpect(MockMvc.java:214)
	at com.SFAE.SFAE.ContractTests.testCreateContract(ContractTests.java:54)
	at java.base/java.lang.reflect.Method.invoke(Method.java:580)
	at java.base/java.util.ArrayList.forEach(ArrayList.java:1596)
	at java.base/java.util.ArrayList.forEach(ArrayList.java:1596)
]]></failure>
    <system-out><![CDATA[14:36:48.127 [main] INFO org.springframework.test.context.support.AnnotationConfigContextLoaderUtils -- Could not detect default configuration classes for test class [com.SFAE.SFAE.ContractTests]: ContractTests does not declare any static, non-private, non-final, nested classes annotated with @Configuration.
14:36:48.271 [main] INFO org.springframework.boot.test.context.SpringBootTestContextBootstrapper -- Found @SpringBootConfiguration com.SFAE.SFAE.SfaeApplication for test class com.SFAE.SFAE.ContractTests
14:36:48.493 [main] INFO org.springframework.boot.devtools.restart.RestartApplicationListener -- Restart disabled due to context in which it is running

  .   ____          _            __ _ _
 /\\ / ___'_ __ _ _(_)_ __  __ _ \ \ \ \
( ( )\___ | '_ | '_| | '_ \/ _` | \ \ \ \
 \\/  ___)| |_)| | | | | || (_| |  ) ) ) )
  '  |____| .__|_| |_|_| |_\__, | / / / /
 =========|_|==============|___/=/_/_/_/
 :: Spring Boot ::                (v3.2.5)

2024-05-09T14:36:48.811+02:00  INFO 15800 --- [SFAE] [           main] com.SFAE.SFAE.ContractTests              : Starting ContractTests using Java 21.0.2 with PID 15800 (started by leven in C:\Users\leven\SFAE\project-sfae\DATABASE)
2024-05-09T14:36:48.812+02:00  INFO 15800 --- [SFAE] [           main] com.SFAE.SFAE.ContractTests              : No active profile set, falling back to 1 default profile: "default"
2024-05-09T14:36:49.677+02:00  INFO 15800 --- [SFAE] [           main] .s.d.r.c.RepositoryConfigurationDelegate : Bootstrapping Spring Data JPA repositories in DEFAULT mode.
2024-05-09T14:36:49.715+02:00  INFO 15800 --- [SFAE] [           main] .s.d.r.c.RepositoryConfigurationDelegate : Finished Spring Data repository scanning in 26 ms. Found 0 JPA repository interfaces.
2024-05-09T14:36:50.327+02:00  INFO 15800 --- [SFAE] [           main] com.zaxxer.hikari.HikariDataSource       : HikariPool-1 - Starting...
2024-05-09T14:36:51.058+02:00  INFO 15800 --- [SFAE] [           main] com.zaxxer.hikari.pool.HikariPool        : HikariPool-1 - Added connection org.postgresql.jdbc.PgConnection@9e02f84
2024-05-09T14:36:51.060+02:00  INFO 15800 --- [SFAE] [           main] com.zaxxer.hikari.HikariDataSource       : HikariPool-1 - Start completed.
2024-05-09T14:36:51.119+02:00  INFO 15800 --- [SFAE] [           main] o.hibernate.jpa.internal.util.LogHelper  : HHH000204: Processing PersistenceUnitInfo [name: default]
2024-05-09T14:36:51.200+02:00  INFO 15800 --- [SFAE] [           main] org.hibernate.Version                    : HHH000412: Hibernate ORM core version 6.4.4.Final
2024-05-09T14:36:51.257+02:00  INFO 15800 --- [SFAE] [           main] o.h.c.internal.RegionFactoryInitiator    : HHH000026: Second-level cache disabled
2024-05-09T14:36:51.610+02:00  INFO 15800 --- [SFAE] [           main] o.s.o.j.p.SpringPersistenceUnitInfo      : No LoadTimeWeaver setup: ignoring JPA class transformer
2024-05-09T14:36:51.714+02:00  WARN 15800 --- [SFAE] [           main] org.hibernate.orm.deprecation            : HHH90000025: PostgreSQLDialect does not need to be specified explicitly using 'hibernate.dialect' (remove the property setting and it will be selected by default)
2024-05-09T14:36:51.778+02:00 DEBUG 15800 --- [SFAE] [           main] o.h.t.d.sql.spi.DdlTypeRegistry          : addDescriptor(2003, org.hibernate.type.descriptor.sql.internal.ArrayDdlTypeImpl@61e14b53) replaced previous registration(org.hibernate.type.descriptor.sql.internal.ArrayDdlTypeImpl@31b6b0c7)
2024-05-09T14:36:51.779+02:00 DEBUG 15800 --- [SFAE] [           main] o.h.t.d.sql.spi.DdlTypeRegistry          : addDescriptor(6, org.hibernate.type.descriptor.sql.internal.CapacityDependentDdlType@6253e59a) replaced previous registration(org.hibernate.type.descriptor.sql.internal.DdlTypeImpl@7d1cb59f)
2024-05-09T14:36:52.714+02:00  INFO 15800 --- [SFAE] [           main] o.h.m.i.EntityInstantiatorPojoStandard   : HHH000182: No default (no-argument) constructor for class: com.SFAE.SFAE.ENTITY.Contract (class must be instantiated by Interceptor)
2024-05-09T14:36:52.756+02:00  INFO 15800 --- [SFAE] [           main] o.h.m.i.EntityInstantiatorPojoStandard   : HHH000182: No default (no-argument) constructor for class: com.SFAE.SFAE.ENTITY.Customer (class must be instantiated by Interceptor)
2024-05-09T14:36:52.779+02:00  INFO 15800 --- [SFAE] [           main] o.h.m.i.EntityInstantiatorPojoStandard   : HHH000182: No default (no-argument) constructor for class: com.SFAE.SFAE.ENTITY.Worker (class must be instantiated by Interceptor)
2024-05-09T14:36:52.960+02:00  INFO 15800 --- [SFAE] [           main] o.h.e.t.j.p.i.JtaPlatformInitiator       : HHH000489: No JTA platform available (set 'hibernate.transaction.jta.platform' to enable JTA platform integration)
2024-05-09T14:36:53.251+02:00  INFO 15800 --- [SFAE] [           main] j.LocalContainerEntityManagerFactoryBean : Initialized JPA EntityManagerFactory for persistence unit 'default'
2024-05-09T14:36:53.551+02:00  WARN 15800 --- [SFAE] [           main] JpaBaseConfiguration$JpaWebConfiguration : spring.jpa.open-in-view is enabled by default. Therefore, database queries may be performed during view rendering. Explicitly configure spring.jpa.open-in-view to disable this warning
2024-05-09T14:36:55.121+02:00  INFO 15800 --- [SFAE] [           main] o.s.b.t.m.w.SpringBootMockServletContext : Initializing Spring TestDispatcherServlet ''
2024-05-09T14:36:55.122+02:00  INFO 15800 --- [SFAE] [           main] o.s.t.web.servlet.TestDispatcherServlet  : Initializing Servlet ''
2024-05-09T14:36:55.125+02:00  INFO 15800 --- [SFAE] [           main] o.s.t.web.servlet.TestDispatcherServlet  : Completed initialization in 1 ms
2024-05-09T14:36:55.153+02:00  INFO 15800 --- [SFAE] [           main] com.SFAE.SFAE.ContractTests              : Started ContractTests in 6.676 seconds (process running for 8.0)
{"jobType": "GÄRTNER","adress": "Quizostrasse32","payment": "CASH","description": "Ich","statusOrder": "UNDEFINED","range": 2.2,"customerId": 1,"workerId": 6}

MockHttpServletRequest:
      HTTP Method = POST
      Request URI = /contract
       Parameters = {}
          Headers = [Content-Type:"application/json;charset=UTF-8", Content-Length:"159"]
             Body = {"jobType": "GÄRTNER","adress": "Quizostrasse32","payment": "CASH","description": "Ich","statusOrder": "UNDEFINED","range": 2.2,"customerId": 1,"workerId": 6}
    Session Attrs = {}

Handler:
             Type = com.SFAE.SFAE.Controller.ContractController
           Method = com.SFAE.SFAE.Controller.ContractController#createContract(ContractDTO)

Async:
    Async started = false
     Async result = null

Resolved Exception:
             Type = null

ModelAndView:
        View name = null
             View = null
            Model = null

FlashMap:
       Attributes = null

MockHttpServletResponse:
           Status = 200
    Error message = null
          Headers = [Vary:"Origin", "Access-Control-Request-Method", "Access-Control-Request-Headers", Content-Type:"application/json"]
     Content type = application/json
             Body = {"id":null,"jobType":"GÄRTNER","adress":"Quizostrasse32","payment":"CASH","description":"Ich","statusOrder":"UNDEFINED","range":2.2,"customer":{"id":1,"name":"Max MusterMann","password":"$2a$10$gYI48aXx7L4bjQQ5kB73CuUvXtm5srk.c.EypccelnUJVF0h2cGD6","email":"erayzor045@gmail.com","role":"CUSTOMER"},"worker":{"id":6,"name":"Levent","location":"Köln","password":"$2a$10$sQTES6rfjXQBPQQIJ0HBseQr7WXRs6A9sVa1AcBio0hB.q/dHx75O","email":"Leventvddsdgoren@gmail.com","status":"AVAILABLE","statusOrder":"UNDEFINED","range":0.0,"jobType":"GÄRTNER","minPayment":1.1,"rating":0.0,"verification":false}}
    Forwarded URL = null
   Redirected URL = null
          Cookies = []
]]></system-out>
    <system-err><![CDATA[WARNING: A Java agent has been loaded dynamically (C:\Users\leven\.m2\repository\net\bytebuddy\byte-buddy-agent\1.14.13\byte-buddy-agent-1.14.13.jar)
WARNING: If a serviceability tool is in use, please run with -XX:+EnableDynamicAgentLoading to hide this warning
WARNING: If a serviceability tool is not in use, please run with -Djdk.instrument.traceUsage for more information
WARNING: Dynamic loading of agents will be disallowed by default in a future release
]]></system-err>
  </testcase>
  <testcase name="testGetContract" classname="com.SFAE.SFAE.ContractTests" time="0.012">
    <error message="Request processing failed: java.lang.UnsupportedOperationException: Unimplemented method &apos;findCustomerById&apos;" type="jakarta.servlet.ServletException"><![CDATA[jakarta.servlet.ServletException: Request processing failed: java.lang.UnsupportedOperationException: Unimplemented method 'findCustomerById'
	at org.springframework.web.servlet.FrameworkServlet.processRequest(FrameworkServlet.java:1022)
	at org.springframework.web.servlet.FrameworkServlet.doGet(FrameworkServlet.java:903)
	at jakarta.servlet.http.HttpServlet.service(HttpServlet.java:564)
	at org.springframework.web.servlet.FrameworkServlet.service(FrameworkServlet.java:885)
	at org.springframework.test.web.servlet.TestDispatcherServlet.service(TestDispatcherServlet.java:72)
	at jakarta.servlet.http.HttpServlet.service(HttpServlet.java:658)
	at org.springframework.mock.web.MockFilterChain$ServletFilterProxy.doFilter(MockFilterChain.java:165)
	at org.springframework.mock.web.MockFilterChain.doFilter(MockFilterChain.java:132)
	at org.springframework.web.filter.RequestContextFilter.doFilterInternal(RequestContextFilter.java:100)
	at org.springframework.web.filter.OncePerRequestFilter.doFilter(OncePerRequestFilter.java:116)
	at org.springframework.test.web.servlet.setup.MockMvcFilterDecorator.doFilter(MockMvcFilterDecorator.java:151)
	at org.springframework.mock.web.MockFilterChain.doFilter(MockFilterChain.java:132)
	at org.springframework.web.filter.FormContentFilter.doFilterInternal(FormContentFilter.java:93)
	at org.springframework.web.filter.OncePerRequestFilter.doFilter(OncePerRequestFilter.java:116)
	at org.springframework.test.web.servlet.setup.MockMvcFilterDecorator.doFilter(MockMvcFilterDecorator.java:151)
	at org.springframework.mock.web.MockFilterChain.doFilter(MockFilterChain.java:132)
	at org.springframework.web.filter.CharacterEncodingFilter.doFilterInternal(CharacterEncodingFilter.java:201)
	at org.springframework.web.filter.OncePerRequestFilter.doFilter(OncePerRequestFilter.java:116)
	at org.springframework.test.web.servlet.setup.MockMvcFilterDecorator.doFilter(MockMvcFilterDecorator.java:151)
	at org.springframework.mock.web.MockFilterChain.doFilter(MockFilterChain.java:132)
	at org.springframework.test.web.servlet.MockMvc.perform(MockMvc.java:201)
	at com.SFAE.SFAE.ContractTests.testGetContract(ContractTests.java:64)
	at java.base/java.lang.reflect.Method.invoke(Method.java:580)
	at java.base/java.util.ArrayList.forEach(ArrayList.java:1596)
	at java.base/java.util.ArrayList.forEach(ArrayList.java:1596)
Caused by: java.lang.UnsupportedOperationException: Unimplemented method 'findCustomerById'
	at com.SFAE.SFAE.Controller.ContractController.findContractById(ContractController.java:62)
	at java.base/jdk.internal.reflect.DirectMethodHandleAccessor.invoke(DirectMethodHandleAccessor.java:103)
	at java.base/java.lang.reflect.Method.invoke(Method.java:580)
	at org.springframework.web.method.support.InvocableHandlerMethod.doInvoke(InvocableHandlerMethod.java:255)
	at org.springframework.web.method.support.InvocableHandlerMethod.invokeForRequest(InvocableHandlerMethod.java:188)
	at org.springframework.web.servlet.mvc.method.annotation.ServletInvocableHandlerMethod.invokeAndHandle(ServletInvocableHandlerMethod.java:118)
	at org.springframework.web.servlet.mvc.method.annotation.RequestMappingHandlerAdapter.invokeHandlerMethod(RequestMappingHandlerAdapter.java:926)
	at org.springframework.web.servlet.mvc.method.annotation.RequestMappingHandlerAdapter.handleInternal(RequestMappingHandlerAdapter.java:831)
	at org.springframework.web.servlet.mvc.method.AbstractHandlerMethodAdapter.handle(AbstractHandlerMethodAdapter.java:87)
	at org.springframework.web.servlet.DispatcherServlet.doDispatch(DispatcherServlet.java:1089)
	at org.springframework.web.servlet.DispatcherServlet.doService(DispatcherServlet.java:979)
	at org.springframework.web.servlet.FrameworkServlet.processRequest(FrameworkServlet.java:1014)
	... 24 more
]]></error>
  </testcase>
</testsuite>