<?xml version="1.0" encoding="UTF-8"?>
<testsuite xmlns:xsi="http://www.w3.org/2001/XMLSchema-instance" xsi:noNamespaceSchemaLocation="https://maven.apache.org/surefire/maven-surefire-plugin/xsd/surefire-test-report-3.0.xsd" version="3.0" name="com.SFAE.SFAE.WorkerTests" time="2.269" tests="8" errors="0" skipped="0" failures="0">
  <properties>
[...]
</properties>
  <testcase name="testGetWorkerByTowNames" classname="com.SFAE.SFAE.WorkerTests" time="0.07">
    <system-out><![CDATA[2024-05-09T15:11:41.526+02:00  INFO 10720 --- [SFAE] [           main] t.c.s.AnnotationConfigContextLoaderUtils : Could not detect default configuration classes for test class [com.SFAE.SFAE.WorkerTests]: WorkerTests does not declare any static, non-private, non-final, nested classes annotated with @Configuration.
2024-05-09T15:11:41.533+02:00  INFO 10720 --- [SFAE] [           main] .b.t.c.SpringBootTestContextBootstrapper : Found @SpringBootConfiguration com.SFAE.SFAE.SfaeApplication for test class com.SFAE.SFAE.WorkerTests
A {"id":8,"name":"Levent avgÃ¶ren","location":"KÃ¶ln","password":"$2a$10$NShndSWFuTza6txDATceWuy13BdKyLPax3m1N6K2QFHQON4zDGnPm","email":"Leventvdsdgodsren@gmail.com","status":"AVAILABLE","statusOrder":"UNDEFINED","range":0.0,"jobType":"GÃRTNER","minPayment":1.1,"rating":0.0,"verification":false}
]]></system-out>
  </testcase>
  <testcase name="testCreateWorker" classname="com.SFAE.SFAE.WorkerTests" time="1.734">
    <system-out><![CDATA[{"name": "Levent Avgören","location": "Köln","password": "passwordsasdsad1234","email": "Levenstavgorendsssdddddsdsa@gmail.com","range": 1.1,"jobType": "GÄRTNER","minPayment": 1.1}
E-Mail erfolgreich an Levenstavgorendsssdddddsdsa@gmail.com gesendet.
]]></system-out>
  </testcase>
  <testcase name="testDeleteWorkerrByid" classname="com.SFAE.SFAE.WorkerTests" time="0.042">
    <system-out><![CDATA[A 
]]></system-out>
  </testcase>
  <testcase name="testGetWorkerrByid" classname="com.SFAE.SFAE.WorkerTests" time="0.043">
    <system-out><![CDATA[A {"id":8,"name":"Levent avgÃ¶ren","location":"KÃ¶ln","password":"$2a$10$NShndSWFuTza6txDATceWuy13BdKyLPax3m1N6K2QFHQON4zDGnPm","email":"Leventvdsdgodsren@gmail.com","status":"AVAILABLE","statusOrder":"UNDEFINED","range":0.0,"jobType":"GÃRTNER","minPayment":1.1,"rating":0.0,"verification":false}
]]></system-out>
  </testcase>
  <testcase name="testUpdateWorker" classname="com.SFAE.SFAE.WorkerTests" time="0.114"/>
  <testcase name="testGetWorkerByName" classname="com.SFAE.SFAE.WorkerTests" time="0.042">
    <system-out><![CDATA[A {"id":6,"name":"Levent","location":"KÃ¶ln","password":"$2a$10$sQTES6rfjXQBPQQIJ0HBseQr7WXRs6A9sVa1AcBio0hB.q/dHx75O","email":"Leventvddsdgoren@gmail.com","status":"AVAILABLE","statusOrder":"UNDEFINED","range":0.0,"jobType":"GÃRTNER","minPayment":1.1,"rating":0.0,"verification":false}
]]></system-out>
  </testcase>
  <testcase name="loginWorker" classname="com.SFAE.SFAE.WorkerTests" time="0.156">
    <system-out><![CDATA[A {"id":"14","token":"eyJhbGciOiJIUzI1NiJ9.eyJzdWIiOiIxNCIsImlhdCI6MTcxNTI2MDMwMywiZXhwIjoxNzE1MjYzOTAzfQ.0bC6eDTnKb2aZYDEoAh3-sKHpynmrOQfSrmkaSpu_Bs"}
]]></system-out>
  </testcase>
  <testcase name="testFindAllWorker" classname="com.SFAE.SFAE.WorkerTests" time="0.044">
    <system-out><![CDATA[A [{"id":6,"name":"Levent","location":"KÃ¶ln","password":"$2a$10$sQTES6rfjXQBPQQIJ0HBseQr7WXRs6A9sVa1AcBio0hB.q/dHx75O","email":"Leventvddsdgoren@gmail.com","status":"AVAILABLE","statusOrder":"UNDEFINED","range":0.0,"jobType":"GÃRTNER","minPayment":1.1,"rating":0.0,"verification":false},{"id":8,"name":"Levent avgÃ¶ren","location":"KÃ¶ln","password":"$2a$10$NShndSWFuTza6txDATceWuy13BdKyLPax3m1N6K2QFHQON4zDGnPm","email":"Leventvdsdgodsren@gmail.com","status":"AVAILABLE","statusOrder":"UNDEFINED","range":0.0,"jobType":"GÃRTNER","minPayment":1.1,"rating":0.0,"verification":false},{"id":9,"name":"Levent AvgÃ¶ren","location":"KÃ¶ln","password":"$2a$10$ijpexeLI72Djlr/.cpRy/.ou1giKnZaN5rBgHL0zhgLHrUej/Aa1y","email":"Levenstvdsdgodsren@gmail.com","status":"AVAILABLE","statusOrder":"UNDEFINED","range":0.0,"jobType":"GÃRTNER","minPayment":1.1,"rating":0.0,"verification":false},{"id":12,"name":"Levent AvgÃ¶ren","location":"KÃ¶ln","password":"$2a$10$HUm7bJ.onjusJxuyCJkOF.NYAnt8LFwDkWGFm04.2awEugwhSwt8i","email":"Levenstavgorenda@gmail.com","status":"AVAILABLE","statusOrder":"UNDEFINED","range":0.0,"jobType":"GÃRTNER","minPayment":1.1,"rating":0.0,"verification":false},{"id":14,"name":"Levent AvgÃ¶ren","location":"KÃ¶ln","password":"$2a$10$h4iGEKcmpvIVoqOFIFeJouORb1dWMeIX..q/wD4IVuIbdLZF.IRa.","email":"Levenstavgorenddsa@gmail.com","status":"AVAILABLE","statusOrder":"UNDEFINED","range":0.0,"jobType":"GÃRTNER","minPayment":1.1,"rating":0.0,"verification":false},{"id":21,"name":"LevoNoKeko","location":"ChansirInLvo","password":"$2a$10$cpkryhzjPuOOuJ1IZHZLvedcNJVXpJkglMEIiLkTZ.D307aL7U/r.","email":"levent@gmail.com","status":"AVAILABLE","statusOrder":"UNDEFINED","range":0.0,"jobType":"HUNDETRAINER","minPayment":1.0,"rating":0.0,"verification":false},{"id":22,"name":"Ahmad Sfarjalani","location":"Levents Zuhause","password":"$2a$10$cQwyaaNjwi2CiJMhSzvSauE1.5CWeIVkWc6wkcFscLcfqGn6O55py","email":"ahmad@gmail.com","status":"AVAILABLE","statusOrder":"UNDEFINED","range":0.0,"jobType":"KINDERMÃDCHEN","minPayment":15.0,"rating":0.0,"verification":false},{"id":24,"name":"Levent","location":"Levent","password":"$2a$10$nUEUJm1Jt73PaCEmdwkMbOAsthw/9XRDZrybR5YhbZzVzvFENR8ja","email":"Levent@gmail.com","status":"AVAILABLE","statusOrder":"UNDEFINED","range":0.0,"jobType":"MALER","minPayment":11.0,"rating":0.0,"verification":false}]
]]></system-out>
  </testcase>
</testsuite>